client:789 [vite] connecting...
client:912 [vite] connected.
LoggerContext.tsx:128 2025-10-15T02:57:33.755Z [Sentry] [INFO] Sentry disabled - not in production build
LoggerContext.tsx:126 2025-10-15T02:57:33.781Z [ESO-Logger][LoggerProvider] [INFO] Logger initialized {data: {…}, error: undefined}
LoggerContext.tsx:126 2025-10-15T02:57:33.782Z [ESO-Logger][LoggerProvider] [INFO] Logger initialized {data: {…}, error: undefined}
LoggerContext.tsx:128 2025-10-15T02:57:33.782Z [ESO-Logger][EsoLogsClient] [INFO] Creating new EsoLogsClient instance
LoggerContext.tsx:128 2025-10-15T02:57:33.783Z [ESO-Logger][EsoLogsClient] [INFO] Creating new EsoLogsClient instance
LoggerContext.tsx:126 2025-10-15T02:57:33.783Z [ESO-Logger][EsoLogsClient] [DEBUG] EsoLogsClient context value updated {data: {…}, error: undefined}
LoggerContext.tsx:126 2025-10-15T02:57:33.783Z [ESO-Logger][EsoLogsClient] [DEBUG] EsoLogsClient context value updated {data: {…}, error: undefined}
LoggerContext.tsx:128 2025-10-15T02:57:33.930Z [ESO-Logger][WorkerManager] [DEBUG] WorkerManager logger configured
LoggerContext.tsx:128 2025-10-15T02:57:33.936Z [ESO-Logger][WorkerManager] [DEBUG] Worker manager initialized with logger
LoggerContext.tsx:128 2025-10-15T02:57:33.937Z [ESO-Logger][EsoLogsClient] [INFO] Updating EsoLogsClient access token
LoggerContext.tsx:128 2025-10-15T02:57:33.945Z [ESO-Logger][WorkerManager] [DEBUG] WorkerManager logger configured
LoggerContext.tsx:128 2025-10-15T02:57:33.946Z [ESO-Logger][WorkerManager] [DEBUG] Worker manager initialized with logger
LoggerContext.tsx:126 2025-10-15T02:57:33.947Z [ESO-Logger][EsoLogsClient] [DEBUG] EsoLogsClient context value updated {data: {…}, error: undefined}
LoggerContext.tsx:126 2025-10-15T02:57:33.947Z [ESO-Logger][EsoLogsClient] [DEBUG] EsoLogsClient context value updated {data: {…}, error: undefined}
chunk-ZPEYRQWO.js?v=e1eeed35:16 [Violation] 'message' handler took 221ms
LoggerContext.tsx:126 2025-10-15T02:57:37.757Z [ESO-Logger][WorkerManager] [INFO] WorkerPool initialized {data: {…}, error: undefined}
LoggerContext.tsx:126 2025-10-15T02:57:37.757Z [ESO-Logger][WorkerManager] [DEBUG] Created worker pool: default {data: {…}, error: undefined}
LoggerContext.tsx:126 2025-10-15T02:57:37.758Z [ESO-Logger][WorkerManager] [DEBUG] Queued task task-1760497057758-uk5ct5b (calculateDebuffLookup) {data: {…}, error: undefined}
LoggerContext.tsx:126 2025-10-15T02:57:37.758Z [ESO-Logger][WorkerManager] [DEBUG] Created worker worker-1 {data: {…}, error: undefined}
LoggerContext.tsx:126 2025-10-15T02:57:37.758Z [ESO-Logger][WorkerManager] [DEBUG] Started task task-1760497057758-uk5ct5b (calculateDebuffLookup) on worker-1 {data: {…}, error: undefined}
LoggerContext.tsx:126 2025-10-15T02:57:37.805Z [ESO-Logger][WorkerManager] [INFO] Task calculateDebuffLookup completed in 47ms {data: {…}, error: undefined}
LoggerContext.tsx:126 2025-10-15T02:57:38.205Z [ESO-Logger][WorkerManager] [DEBUG] Queued task task-1760497058205-hkx06wy (calculateActorPositions) {data: {…}, error: undefined}
LoggerContext.tsx:126 2025-10-15T02:57:38.205Z [ESO-Logger][WorkerManager] [DEBUG] Started task task-1760497058205-hkx06wy (calculateActorPositions) on worker-1 {data: {…}, error: undefined}
comlink.js?v=e1eeed35:151 [Violation] 'message' handler took 192ms
LoggerContext.tsx:126 2025-10-15T02:57:38.788Z [ESO-Logger][WorkerManager] [INFO] Task calculateActorPositions completed in 583ms {data: {…}, error: undefined}
page.bundle.js:6 SerializableStateInvariantMiddleware took 501ms, which is more than the warning threshold of 128ms. 
If your state or actions are very large, you may want to disable the middleware as it might cause too much of a slowdown in development mode. See https://redux-toolkit.js.org/api/getDefaultMiddleware for instructions.
It is disabled in production builds, so you don't need to worry about that.
overrideMethod @ hook.js:608
warnIfExceeded @ @reduxjs_toolkit.js?v=e1eeed35:1231
(anonymous) @ @reduxjs_toolkit.js?v=e1eeed35:1499
(anonymous) @ @reduxjs_toolkit.js?v=e1eeed35:1125
(anonymous) @ @reduxjs_toolkit.js?v=e1eeed35:1381
(anonymous) @ @reduxjs_toolkit.js?v=e1eeed35:1214
dispatch @ chunk-RJJ6DPM5.js?v=e1eeed35:348
(anonymous) @ @reduxjs_toolkit.js?v=e1eeed35:2048
await in (anonymous)
(anonymous) @ @reduxjs_toolkit.js?v=e1eeed35:2051
(anonymous) @ @reduxjs_toolkit.js?v=e1eeed35:1123
(anonymous) @ @reduxjs_toolkit.js?v=e1eeed35:1381
(anonymous) @ @reduxjs_toolkit.js?v=e1eeed35:1214
dispatch @ page.bundle.js:6
(anonymous) @ useActorPositionsTask.ts:83
react_stack_bottom_frame @ chunk-ZPEYRQWO.js?v=e1eeed35:18567
runWithFiberInDEV @ chunk-ZPEYRQWO.js?v=e1eeed35:997
commitHookEffectListMount @ chunk-ZPEYRQWO.js?v=e1eeed35:9411
commitHookPassiveMountEffects @ chunk-ZPEYRQWO.js?v=e1eeed35:9465
commitPassiveMountOnFiber @ chunk-ZPEYRQWO.js?v=e1eeed35:11040
recursivelyTraversePassiveMountEffects @ chunk-ZPEYRQWO.js?v=e1eeed35:11010
commitPassiveMountOnFiber @ chunk-ZPEYRQWO.js?v=e1eeed35:11167
recursivelyTraversePassiveMountEffects @ chunk-ZPEYRQWO.js?v=e1eeed35:11010
commitPassiveMountOnFiber @ chunk-ZPEYRQWO.js?v=e1eeed35:11141
recursivelyTraversePassiveMountEffects @ chunk-ZPEYRQWO.js?v=e1eeed35:11010
commitPassiveMountOnFiber @ chunk-ZPEYRQWO.js?v=e1eeed35:11055
recursivelyTraversePassiveMountEffects @ chunk-ZPEYRQWO.js?v=e1eeed35:11010
commitPassiveMountOnFiber @ chunk-ZPEYRQWO.js?v=e1eeed35:11033
recursivelyTraversePassiveMountEffects @ chunk-ZPEYRQWO.js?v=e1eeed35:11010
commitPassiveMountOnFiber @ chunk-ZPEYRQWO.js?v=e1eeed35:11201
recursivelyTraversePassiveMountEffects @ chunk-ZPEYRQWO.js?v=e1eeed35:11010
commitPassiveMountOnFiber @ chunk-ZPEYRQWO.js?v=e1eeed35:11033
recursivelyTraversePassiveMountEffects @ chunk-ZPEYRQWO.js?v=e1eeed35:11010
commitPassiveMountOnFiber @ chunk-ZPEYRQWO.js?v=e1eeed35:11201
recursivelyTraversePassiveMountEffects @ chunk-ZPEYRQWO.js?v=e1eeed35:11010
commitPassiveMountOnFiber @ chunk-ZPEYRQWO.js?v=e1eeed35:11033
recursivelyTraversePassiveMountEffects @ chunk-ZPEYRQWO.js?v=e1eeed35:11010
commitPassiveMountOnFiber @ chunk-ZPEYRQWO.js?v=e1eeed35:11201
recursivelyTraversePassiveMountEffects @ chunk-ZPEYRQWO.js?v=e1eeed35:11010
commitPassiveMountOnFiber @ chunk-ZPEYRQWO.js?v=e1eeed35:11033
recursivelyTraversePassiveMountEffects @ chunk-ZPEYRQWO.js?v=e1eeed35:11010
commitPassiveMountOnFiber @ chunk-ZPEYRQWO.js?v=e1eeed35:11033
recursivelyTraversePassiveMountEffects @ chunk-ZPEYRQWO.js?v=e1eeed35:11010
commitPassiveMountOnFiber @ chunk-ZPEYRQWO.js?v=e1eeed35:11201
recursivelyTraversePassiveMountEffects @ chunk-ZPEYRQWO.js?v=e1eeed35:11010
commitPassiveMountOnFiber @ chunk-ZPEYRQWO.js?v=e1eeed35:11033
recursivelyTraversePassiveMountEffects @ chunk-ZPEYRQWO.js?v=e1eeed35:11010
commitPassiveMountOnFiber @ chunk-ZPEYRQWO.js?v=e1eeed35:11033
recursivelyTraversePassiveMountEffects @ chunk-ZPEYRQWO.js?v=e1eeed35:11010
commitPassiveMountOnFiber @ chunk-ZPEYRQWO.js?v=e1eeed35:11201
recursivelyTraversePassiveMountEffects @ chunk-ZPEYRQWO.js?v=e1eeed35:11010
commitPassiveMountOnFiber @ chunk-ZPEYRQWO.js?v=e1eeed35:11033
recursivelyTraversePassiveMountEffects @ chunk-ZPEYRQWO.js?v=e1eeed35:11010
commitPassiveMountOnFiber @ chunk-ZPEYRQWO.js?v=e1eeed35:11033
recursivelyTraversePassiveMountEffects @ chunk-ZPEYRQWO.js?v=e1eeed35:11010
commitPassiveMountOnFiber @ chunk-ZPEYRQWO.js?v=e1eeed35:11201
recursivelyTraversePassiveMountEffects @ chunk-ZPEYRQWO.js?v=e1eeed35:11010
commitPassiveMountOnFiber @ chunk-ZPEYRQWO.js?v=e1eeed35:11033
recursivelyTraversePassiveMountEffects @ chunk-ZPEYRQWO.js?v=e1eeed35:11010
commitPassiveMountOnFiber @ chunk-ZPEYRQWO.js?v=e1eeed35:11201
recursivelyTraversePassiveMountEffects @ chunk-ZPEYRQWO.js?v=e1eeed35:11010
commitPassiveMountOnFiber @ chunk-ZPEYRQWO.js?v=e1eeed35:11201
recursivelyTraversePassiveMountEffects @ chunk-ZPEYRQWO.js?v=e1eeed35:11010
commitPassiveMountOnFiber @ chunk-ZPEYRQWO.js?v=e1eeed35:11033
recursivelyTraversePassiveMountEffects @ chunk-ZPEYRQWO.js?v=e1eeed35:11010
commitPassiveMountOnFiber @ chunk-ZPEYRQWO.js?v=e1eeed35:11201
recursivelyTraversePassiveMountEffects @ chunk-ZPEYRQWO.js?v=e1eeed35:11010
commitPassiveMountOnFiber @ chunk-ZPEYRQWO.js?v=e1eeed35:11033
recursivelyTraversePassiveMountEffects @ chunk-ZPEYRQWO.js?v=e1eeed35:11010
commitPassiveMountOnFiber @ chunk-ZPEYRQWO.js?v=e1eeed35:11201
recursivelyTraversePassiveMountEffects @ chunk-ZPEYRQWO.js?v=e1eeed35:11010
commitPassiveMountOnFiber @ chunk-ZPEYRQWO.js?v=e1eeed35:11201
recursivelyTraversePassiveMountEffects @ chunk-ZPEYRQWO.js?v=e1eeed35:11010
commitPassiveMountOnFiber @ chunk-ZPEYRQWO.js?v=e1eeed35:11033
recursivelyTraversePassiveMountEffects @ chunk-ZPEYRQWO.js?v=e1eeed35:11010
commitPassiveMountOnFiber @ chunk-ZPEYRQWO.js?v=e1eeed35:11033
recursivelyTraversePassiveMountEffects @ chunk-ZPEYRQWO.js?v=e1eeed35:11010
commitPassiveMountOnFiber @ chunk-ZPEYRQWO.js?v=e1eeed35:11033
recursivelyTraversePassiveMountEffects @ chunk-ZPEYRQWO.js?v=e1eeed35:11010
commitPassiveMountOnFiber @ chunk-ZPEYRQWO.js?v=e1eeed35:11033
recursivelyTraversePassiveMountEffects @ chunk-ZPEYRQWO.js?v=e1eeed35:11010
commitPassiveMountOnFiber @ chunk-ZPEYRQWO.js?v=e1eeed35:11033
recursivelyTraversePassiveMountEffects @ chunk-ZPEYRQWO.js?v=e1eeed35:11010
commitPassiveMountOnFiber @ chunk-ZPEYRQWO.js?v=e1eeed35:11033
recursivelyTraversePassiveMountEffects @ chunk-ZPEYRQWO.js?v=e1eeed35:11010
commitPassiveMountOnFiber @ chunk-ZPEYRQWO.js?v=e1eeed35:11201
recursivelyTraversePassiveMountEffects @ chunk-ZPEYRQWO.js?v=e1eeed35:11010
commitPassiveMountOnFiber @ chunk-ZPEYRQWO.js?v=e1eeed35:11033
recursivelyTraversePassiveMountEffects @ chunk-ZPEYRQWO.js?v=e1eeed35:11010
commitPassiveMountOnFiber @ chunk-ZPEYRQWO.js?v=e1eeed35:11033
recursivelyTraversePassiveMountEffects @ chunk-ZPEYRQWO.js?v=e1eeed35:11010
commitPassiveMountOnFiber @ chunk-ZPEYRQWO.js?v=e1eeed35:11055
recursivelyTraversePassiveMountEffects @ chunk-ZPEYRQWO.js?v=e1eeed35:11010
commitPassiveMountOnFiber @ chunk-ZPEYRQWO.js?v=e1eeed35:11201
recursivelyTraversePassiveMountEffects @ chunk-ZPEYRQWO.js?v=e1eeed35:11010
commitPassiveMountOnFiber @ chunk-ZPEYRQWO.js?v=e1eeed35:11201
recursivelyTraversePassiveMountEffects @ chunk-ZPEYRQWO.js?v=e1eeed35:11010
commitPassiveMountOnFiber @ chunk-ZPEYRQWO.js?v=e1eeed35:11033
recursivelyTraversePassiveMountEffects @ chunk-ZPEYRQWO.js?v=e1eeed35:11010
commitPassiveMountOnFiber @ chunk-ZPEYRQWO.js?v=e1eeed35:11033
recursivelyTraversePassiveMountEffects @ chunk-ZPEYRQWO.js?v=e1eeed35:11010
commitPassiveMountOnFiber @ chunk-ZPEYRQWO.js?v=e1eeed35:11033
recursivelyTraversePassiveMountEffects @ chunk-ZPEYRQWO.js?v=e1eeed35:11010
commitPassiveMountOnFiber @ chunk-ZPEYRQWO.js?v=e1eeed35:11201
recursivelyTraversePassiveMountEffects @ chunk-ZPEYRQWO.js?v=e1eeed35:11010
commitPassiveMountOnFiber @ chunk-ZPEYRQWO.js?v=e1eeed35:11033
recursivelyTraversePassiveMountEffects @ chunk-ZPEYRQWO.js?v=e1eeed35:11010
commitPassiveMountOnFiber @ chunk-ZPEYRQWO.js?v=e1eeed35:11201
recursivelyTraversePassiveMountEffects @ chunk-ZPEYRQWO.js?v=e1eeed35:11010
commitPassiveMountOnFiber @ chunk-ZPEYRQWO.js?v=e1eeed35:11033
recursivelyTraversePassiveMountEffects @ chunk-ZPEYRQWO.js?v=e1eeed35:11010
commitPassiveMountOnFiber @ chunk-ZPEYRQWO.js?v=e1eeed35:11201
recursivelyTraversePassiveMountEffects @ chunk-ZPEYRQWO.js?v=e1eeed35:11010
commitPassiveMountOnFiber @ chunk-ZPEYRQWO.js?v=e1eeed35:11033
recursivelyTraversePassiveMountEffects @ chunk-ZPEYRQWO.js?v=e1eeed35:11010
commitPassiveMountOnFiber @ chunk-ZPEYRQWO.js?v=e1eeed35:11055
recursivelyTraversePassiveMountEffects @ chunk-ZPEYRQWO.js?v=e1eeed35:11010
commitPassiveMountOnFiber @ chunk-ZPEYRQWO.js?v=e1eeed35:11201
recursivelyTraversePassiveMountEffects @ chunk-ZPEYRQWO.js?v=e1eeed35:11010
commitPassiveMountOnFiber @ chunk-ZPEYRQWO.js?v=e1eeed35:11033
recursivelyTraversePassiveMountEffects @ chunk-ZPEYRQWO.js?v=e1eeed35:11010
commitPassiveMountOnFiber @ chunk-ZPEYRQWO.js?v=e1eeed35:11201
recursivelyTraversePassiveMountEffects @ chunk-ZPEYRQWO.js?v=e1eeed35:11010
commitPassiveMountOnFiber @ chunk-ZPEYRQWO.js?v=e1eeed35:11033
recursivelyTraversePassiveMountEffects @ chunk-ZPEYRQWO.js?v=e1eeed35:11010
commitPassiveMountOnFiber @ chunk-ZPEYRQWO.js?v=e1eeed35:11033
recursivelyTraversePassiveMountEffects @ chunk-ZPEYRQWO.js?v=e1eeed35:11010
commitPassiveMountOnFiber @ chunk-ZPEYRQWO.js?v=e1eeed35:11201
recursivelyTraversePassiveMountEffects @ chunk-ZPEYRQWO.js?v=e1eeed35:11010
commitPassiveMountOnFiber @ chunk-ZPEYRQWO.js?v=e1eeed35:11066
flushPassiveEffects @ chunk-ZPEYRQWO.js?v=e1eeed35:13150
flushPendingEffects @ chunk-ZPEYRQWO.js?v=e1eeed35:13088
flushSpawnedWork @ chunk-ZPEYRQWO.js?v=e1eeed35:13062
commitRoot @ chunk-ZPEYRQWO.js?v=e1eeed35:12804
commitRootWhenReady @ chunk-ZPEYRQWO.js?v=e1eeed35:12016
performWorkOnRoot @ chunk-ZPEYRQWO.js?v=e1eeed35:11950
performSyncWorkOnRoot @ chunk-ZPEYRQWO.js?v=e1eeed35:13517
flushSyncWorkAcrossRoots_impl @ chunk-ZPEYRQWO.js?v=e1eeed35:13414
processRootScheduleInMicrotask @ chunk-ZPEYRQWO.js?v=e1eeed35:13437
(anonymous) @ chunk-ZPEYRQWO.js?v=e1eeed35:13531
mapTimelineUtils.ts:32 createMapTimeline: Input data {hasFight: true, hasReport: false, fightId: 11, fightName: 'Captain Vrol', rawMaps: Array(1), …}
mapTimelineUtils.ts:59 createMapTimeline: Filtered maps {filteredMaps: Array(1), filteredCount: 1}
mapTimelineUtils.ts:32 createMapTimeline: Input data {hasFight: true, hasReport: false, fightId: 11, fightName: 'Captain Vrol', rawMaps: Array(1), …}
mapTimelineUtils.ts:59 createMapTimeline: Filtered maps {filteredMaps: Array(1), filteredCount: 1}
Arena3D.tsx:451 Arena3D: Rendering with {actors: 16129, target: Array(3), distances: '8.1-81.4m'}
Arena3D.tsx:503 Arena3D: Calculated center of actors at fight start {actorCount: 13, center: Array(3), actors: Array(5)}
Arena3D.tsx:503 Arena3D: Calculated center of actors at fight start {actorCount: 13, center: Array(3), actors: Array(5)}
Arena3D.tsx:527 Arena3D: Camera {position: Array(3), target: Array(3), distance: '30.0'}
Arena3D.tsx:451 Arena3D: Rendering with {actors: 16129, target: Array(3), distances: '8.1-81.4m'}
Arena3D.tsx:527 Arena3D: Camera {position: Array(3), target: Array(3), distance: '30.0'}
Arena3D.tsx:184 Arena3D: Arena dimensions - Size: 25.2m, Center: [49.3, 65.6], Range: X=21.0m, Z=17.2m
Arena3D.tsx:184 Arena3D: Arena dimensions - Size: 25.2m, Center: [49.3, 65.6], Range: X=21.0m, Z=17.2m
Arena3D.tsx:238 Arena3D: Camera settings - Center: [50.7, 0, -65.6], Range: 21.0m, Distances: 8.1-81.4m
Arena3D.tsx:238 Arena3D: Camera settings - Center: [50.7, 0, -65.6], Range: 21.0m, Distances: 8.1-81.4m
Arena3D.tsx:251 Arena3D Scene: Rendering with cameraSettings {target: Array(3), minDistance: 8.138798191379362, maxDistance: 81.38798191379362}
Arena3D.tsx:251 Arena3D Scene: Rendering with cameraSettings {target: Array(3), minDistance: 8.138798191379362, maxDistance: 81.38798191379362}
Arena3D.tsx:79 AnimationFrameSceneActors: Rendering 21 actors
Arena3D.tsx:79 AnimationFrameSceneActors: Rendering 21 actors
chunk-2IH32JYV.js?v=e1eeed35:14129 [Violation] 'requestAnimationFrame' handler took 55ms
@react-three_drei.js?v=e1eeed35:20468 [Violation] Added non-passive event listener to a scroll-blocking 'wheel' event. Consider marking event handler as 'passive' to make the page more responsive. See https://www.chromestatus.com/feature/5745543795965952
OrbitControls.connect @ @react-three_drei.js?v=e1eeed35:20468
(anonymous) @ @react-three_drei.js?v=e1eeed35:86131
react-stack-bottom-frame @ chunk-2IH32JYV.js?v=e1eeed35:10534
runWithFiberInDEV @ chunk-2IH32JYV.js?v=e1eeed35:915
commitHookEffectListMount @ chunk-2IH32JYV.js?v=e1eeed35:6955
commitHookPassiveMountEffects @ chunk-2IH32JYV.js?v=e1eeed35:7013
reconnectPassiveEffects @ chunk-2IH32JYV.js?v=e1eeed35:8414
recursivelyTraverseReconnectPassiveEffects @ chunk-2IH32JYV.js?v=e1eeed35:8393
reconnectPassiveEffects @ chunk-2IH32JYV.js?v=e1eeed35:8407
recursivelyTraverseReconnectPassiveEffects @ chunk-2IH32JYV.js?v=e1eeed35:8393
commitPassiveMountOnFiber @ chunk-2IH32JYV.js?v=e1eeed35:8360
recursivelyTraversePassiveMountEffects @ chunk-2IH32JYV.js?v=e1eeed35:8280
commitPassiveMountOnFiber @ chunk-2IH32JYV.js?v=e1eeed35:8382
recursivelyTraversePassiveMountEffects @ chunk-2IH32JYV.js?v=e1eeed35:8280
commitPassiveMountOnFiber @ chunk-2IH32JYV.js?v=e1eeed35:8382
recursivelyTraversePassiveMountEffects @ chunk-2IH32JYV.js?v=e1eeed35:8280
commitPassiveMountOnFiber @ chunk-2IH32JYV.js?v=e1eeed35:8382
recursivelyTraversePassiveMountEffects @ chunk-2IH32JYV.js?v=e1eeed35:8280
commitPassiveMountOnFiber @ chunk-2IH32JYV.js?v=e1eeed35:8382
recursivelyTraversePassiveMountEffects @ chunk-2IH32JYV.js?v=e1eeed35:8280
commitPassiveMountOnFiber @ chunk-2IH32JYV.js?v=e1eeed35:8382
recursivelyTraversePassiveMountEffects @ chunk-2IH32JYV.js?v=e1eeed35:8280
commitPassiveMountOnFiber @ chunk-2IH32JYV.js?v=e1eeed35:8382
recursivelyTraversePassiveMountEffects @ chunk-2IH32JYV.js?v=e1eeed35:8280
commitPassiveMountOnFiber @ chunk-2IH32JYV.js?v=e1eeed35:8382
recursivelyTraversePassiveMountEffects @ chunk-2IH32JYV.js?v=e1eeed35:8280
commitPassiveMountOnFiber @ chunk-2IH32JYV.js?v=e1eeed35:8382
recursivelyTraversePassiveMountEffects @ chunk-2IH32JYV.js?v=e1eeed35:8280
commitPassiveMountOnFiber @ chunk-2IH32JYV.js?v=e1eeed35:8382
recursivelyTraversePassiveMountEffects @ chunk-2IH32JYV.js?v=e1eeed35:8280
commitPassiveMountOnFiber @ chunk-2IH32JYV.js?v=e1eeed35:8382
recursivelyTraversePassiveMountEffects @ chunk-2IH32JYV.js?v=e1eeed35:8280
commitPassiveMountOnFiber @ chunk-2IH32JYV.js?v=e1eeed35:8382
recursivelyTraversePassiveMountEffects @ chunk-2IH32JYV.js?v=e1eeed35:8280
commitPassiveMountOnFiber @ chunk-2IH32JYV.js?v=e1eeed35:8382
recursivelyTraversePassiveMountEffects @ chunk-2IH32JYV.js?v=e1eeed35:8280
commitPassiveMountOnFiber @ chunk-2IH32JYV.js?v=e1eeed35:8382
recursivelyTraversePassiveMountEffects @ chunk-2IH32JYV.js?v=e1eeed35:8280
commitPassiveMountOnFiber @ chunk-2IH32JYV.js?v=e1eeed35:8382
recursivelyTraversePassiveMountEffects @ chunk-2IH32JYV.js?v=e1eeed35:8280
commitPassiveMountOnFiber @ chunk-2IH32JYV.js?v=e1eeed35:8382
recursivelyTraversePassiveMountEffects @ chunk-2IH32JYV.js?v=e1eeed35:8280
commitPassiveMountOnFiber @ chunk-2IH32JYV.js?v=e1eeed35:8382
recursivelyTraversePassiveMountEffects @ chunk-2IH32JYV.js?v=e1eeed35:8280
commitPassiveMountOnFiber @ chunk-2IH32JYV.js?v=e1eeed35:8382
recursivelyTraversePassiveMountEffects @ chunk-2IH32JYV.js?v=e1eeed35:8280
commitPassiveMountOnFiber @ chunk-2IH32JYV.js?v=e1eeed35:8382
recursivelyTraversePassiveMountEffects @ chunk-2IH32JYV.js?v=e1eeed35:8280
commitPassiveMountOnFiber @ chunk-2IH32JYV.js?v=e1eeed35:8293
recursivelyTraversePassiveMountEffects @ chunk-2IH32JYV.js?v=e1eeed35:8280
commitPassiveMountOnFiber @ chunk-2IH32JYV.js?v=e1eeed35:8293
recursivelyTraversePassiveMountEffects @ chunk-2IH32JYV.js?v=e1eeed35:8280
commitPassiveMountOnFiber @ chunk-2IH32JYV.js?v=e1eeed35:8293
recursivelyTraversePassiveMountEffects @ chunk-2IH32JYV.js?v=e1eeed35:8280
commitPassiveMountOnFiber @ chunk-2IH32JYV.js?v=e1eeed35:8293
recursivelyTraversePassiveMountEffects @ chunk-2IH32JYV.js?v=e1eeed35:8280
commitPassiveMountOnFiber @ chunk-2IH32JYV.js?v=e1eeed35:8293
recursivelyTraversePassiveMountEffects @ chunk-2IH32JYV.js?v=e1eeed35:8280
commitPassiveMountOnFiber @ chunk-2IH32JYV.js?v=e1eeed35:8293
recursivelyTraversePassiveMountEffects @ chunk-2IH32JYV.js?v=e1eeed35:8280
commitPassiveMountOnFiber @ chunk-2IH32JYV.js?v=e1eeed35:8293
recursivelyTraversePassiveMountEffects @ chunk-2IH32JYV.js?v=e1eeed35:8280
commitPassiveMountOnFiber @ chunk-2IH32JYV.js?v=e1eeed35:8293
recursivelyTraversePassiveMountEffects @ chunk-2IH32JYV.js?v=e1eeed35:8280
commitPassiveMountOnFiber @ chunk-2IH32JYV.js?v=e1eeed35:8293
recursivelyTraversePassiveMountEffects @ chunk-2IH32JYV.js?v=e1eeed35:8280
commitPassiveMountOnFiber @ chunk-2IH32JYV.js?v=e1eeed35:8293
recursivelyTraversePassiveMountEffects @ chunk-2IH32JYV.js?v=e1eeed35:8280
commitPassiveMountOnFiber @ chunk-2IH32JYV.js?v=e1eeed35:8293
recursivelyTraversePassiveMountEffects @ chunk-2IH32JYV.js?v=e1eeed35:8280
commitPassiveMountOnFiber @ chunk-2IH32JYV.js?v=e1eeed35:8293
recursivelyTraversePassiveMountEffects @ chunk-2IH32JYV.js?v=e1eeed35:8280
commitPassiveMountOnFiber @ chunk-2IH32JYV.js?v=e1eeed35:8293
recursivelyTraversePassiveMountEffects @ chunk-2IH32JYV.js?v=e1eeed35:8280
commitPassiveMountOnFiber @ chunk-2IH32JYV.js?v=e1eeed35:8293
recursivelyTraversePassiveMountEffects @ chunk-2IH32JYV.js?v=e1eeed35:8280
commitPassiveMountOnFiber @ chunk-2IH32JYV.js?v=e1eeed35:8293
recursivelyTraversePassiveMountEffects @ chunk-2IH32JYV.js?v=e1eeed35:8280
commitPassiveMountOnFiber @ chunk-2IH32JYV.js?v=e1eeed35:8382
recursivelyTraversePassiveMountEffects @ chunk-2IH32JYV.js?v=e1eeed35:8280
commitPassiveMountOnFiber @ chunk-2IH32JYV.js?v=e1eeed35:8293
recursivelyTraversePassiveMountEffects @ chunk-2IH32JYV.js?v=e1eeed35:8280
commitPassiveMountOnFiber @ chunk-2IH32JYV.js?v=e1eeed35:8382
recursivelyTraversePassiveMountEffects @ chunk-2IH32JYV.js?v=e1eeed35:8280
commitPassiveMountOnFiber @ chunk-2IH32JYV.js?v=e1eeed35:8293
recursivelyTraversePassiveMountEffects @ chunk-2IH32JYV.js?v=e1eeed35:8280
commitPassiveMountOnFiber @ chunk-2IH32JYV.js?v=e1eeed35:8303
flushPassiveEffects @ chunk-2IH32JYV.js?v=e1eeed35:9679
(anonymous) @ chunk-2IH32JYV.js?v=e1eeed35:9602
performWorkUntilDeadline @ chunk-2IH32JYV.js?v=e1eeed35:235
@react-three_drei.js?v=e1eeed35:20468 [Violation] Added non-passive event listener to a scroll-blocking 'wheel' event. Consider marking event handler as 'passive' to make the page more responsive. See https://www.chromestatus.com/feature/5745543795965952
OrbitControls.connect @ @react-three_drei.js?v=e1eeed35:20468
(anonymous) @ @react-three_drei.js?v=e1eeed35:86131
react-stack-bottom-frame @ chunk-2IH32JYV.js?v=e1eeed35:10534
runWithFiberInDEV @ chunk-2IH32JYV.js?v=e1eeed35:915
commitHookEffectListMount @ chunk-2IH32JYV.js?v=e1eeed35:6955
commitHookPassiveMountEffects @ chunk-2IH32JYV.js?v=e1eeed35:7013
commitPassiveMountOnFiber @ chunk-2IH32JYV.js?v=e1eeed35:8299
recursivelyTraversePassiveMountEffects @ chunk-2IH32JYV.js?v=e1eeed35:8280
commitPassiveMountOnFiber @ chunk-2IH32JYV.js?v=e1eeed35:8293
recursivelyTraversePassiveMountEffects @ chunk-2IH32JYV.js?v=e1eeed35:8280
commitPassiveMountOnFiber @ chunk-2IH32JYV.js?v=e1eeed35:8355
recursivelyTraversePassiveMountEffects @ chunk-2IH32JYV.js?v=e1eeed35:8280
commitPassiveMountOnFiber @ chunk-2IH32JYV.js?v=e1eeed35:8382
recursivelyTraversePassiveMountEffects @ chunk-2IH32JYV.js?v=e1eeed35:8280
commitPassiveMountOnFiber @ chunk-2IH32JYV.js?v=e1eeed35:8382
recursivelyTraversePassiveMountEffects @ chunk-2IH32JYV.js?v=e1eeed35:8280
commitPassiveMountOnFiber @ chunk-2IH32JYV.js?v=e1eeed35:8382
recursivelyTraversePassiveMountEffects @ chunk-2IH32JYV.js?v=e1eeed35:8280
commitPassiveMountOnFiber @ chunk-2IH32JYV.js?v=e1eeed35:8382
recursivelyTraversePassiveMountEffects @ chunk-2IH32JYV.js?v=e1eeed35:8280
commitPassiveMountOnFiber @ chunk-2IH32JYV.js?v=e1eeed35:8382
recursivelyTraversePassiveMountEffects @ chunk-2IH32JYV.js?v=e1eeed35:8280
commitPassiveMountOnFiber @ chunk-2IH32JYV.js?v=e1eeed35:8382
recursivelyTraversePassiveMountEffects @ chunk-2IH32JYV.js?v=e1eeed35:8280
commitPassiveMountOnFiber @ chunk-2IH32JYV.js?v=e1eeed35:8382
recursivelyTraversePassiveMountEffects @ chunk-2IH32JYV.js?v=e1eeed35:8280
commitPassiveMountOnFiber @ chunk-2IH32JYV.js?v=e1eeed35:8382
recursivelyTraversePassiveMountEffects @ chunk-2IH32JYV.js?v=e1eeed35:8280
commitPassiveMountOnFiber @ chunk-2IH32JYV.js?v=e1eeed35:8382
recursivelyTraversePassiveMountEffects @ chunk-2IH32JYV.js?v=e1eeed35:8280
commitPassiveMountOnFiber @ chunk-2IH32JYV.js?v=e1eeed35:8382
recursivelyTraversePassiveMountEffects @ chunk-2IH32JYV.js?v=e1eeed35:8280
commitPassiveMountOnFiber @ chunk-2IH32JYV.js?v=e1eeed35:8382
recursivelyTraversePassiveMountEffects @ chunk-2IH32JYV.js?v=e1eeed35:8280
commitPassiveMountOnFiber @ chunk-2IH32JYV.js?v=e1eeed35:8382
recursivelyTraversePassiveMountEffects @ chunk-2IH32JYV.js?v=e1eeed35:8280
commitPassiveMountOnFiber @ chunk-2IH32JYV.js?v=e1eeed35:8382
recursivelyTraversePassiveMountEffects @ chunk-2IH32JYV.js?v=e1eeed35:8280
commitPassiveMountOnFiber @ chunk-2IH32JYV.js?v=e1eeed35:8382
recursivelyTraversePassiveMountEffects @ chunk-2IH32JYV.js?v=e1eeed35:8280
commitPassiveMountOnFiber @ chunk-2IH32JYV.js?v=e1eeed35:8382
recursivelyTraversePassiveMountEffects @ chunk-2IH32JYV.js?v=e1eeed35:8280
commitPassiveMountOnFiber @ chunk-2IH32JYV.js?v=e1eeed35:8382
recursivelyTraversePassiveMountEffects @ chunk-2IH32JYV.js?v=e1eeed35:8280
commitPassiveMountOnFiber @ chunk-2IH32JYV.js?v=e1eeed35:8382
recursivelyTraversePassiveMountEffects @ chunk-2IH32JYV.js?v=e1eeed35:8280
commitPassiveMountOnFiber @ chunk-2IH32JYV.js?v=e1eeed35:8382
recursivelyTraversePassiveMountEffects @ chunk-2IH32JYV.js?v=e1eeed35:8280
commitPassiveMountOnFiber @ chunk-2IH32JYV.js?v=e1eeed35:8293
recursivelyTraversePassiveMountEffects @ chunk-2IH32JYV.js?v=e1eeed35:8280
commitPassiveMountOnFiber @ chunk-2IH32JYV.js?v=e1eeed35:8293
recursivelyTraversePassiveMountEffects @ chunk-2IH32JYV.js?v=e1eeed35:8280
commitPassiveMountOnFiber @ chunk-2IH32JYV.js?v=e1eeed35:8293
recursivelyTraversePassiveMountEffects @ chunk-2IH32JYV.js?v=e1eeed35:8280
commitPassiveMountOnFiber @ chunk-2IH32JYV.js?v=e1eeed35:8293
recursivelyTraversePassiveMountEffects @ chunk-2IH32JYV.js?v=e1eeed35:8280
commitPassiveMountOnFiber @ chunk-2IH32JYV.js?v=e1eeed35:8293
recursivelyTraversePassiveMountEffects @ chunk-2IH32JYV.js?v=e1eeed35:8280
commitPassiveMountOnFiber @ chunk-2IH32JYV.js?v=e1eeed35:8293
recursivelyTraversePassiveMountEffects @ chunk-2IH32JYV.js?v=e1eeed35:8280
commitPassiveMountOnFiber @ chunk-2IH32JYV.js?v=e1eeed35:8293
recursivelyTraversePassiveMountEffects @ chunk-2IH32JYV.js?v=e1eeed35:8280
commitPassiveMountOnFiber @ chunk-2IH32JYV.js?v=e1eeed35:8293
recursivelyTraversePassiveMountEffects @ chunk-2IH32JYV.js?v=e1eeed35:8280
commitPassiveMountOnFiber @ chunk-2IH32JYV.js?v=e1eeed35:8293
recursivelyTraversePassiveMountEffects @ chunk-2IH32JYV.js?v=e1eeed35:8280
commitPassiveMountOnFiber @ chunk-2IH32JYV.js?v=e1eeed35:8293
recursivelyTraversePassiveMountEffects @ chunk-2IH32JYV.js?v=e1eeed35:8280
commitPassiveMountOnFiber @ chunk-2IH32JYV.js?v=e1eeed35:8293
recursivelyTraversePassiveMountEffects @ chunk-2IH32JYV.js?v=e1eeed35:8280
commitPassiveMountOnFiber @ chunk-2IH32JYV.js?v=e1eeed35:8293
recursivelyTraversePassiveMountEffects @ chunk-2IH32JYV.js?v=e1eeed35:8280
commitPassiveMountOnFiber @ chunk-2IH32JYV.js?v=e1eeed35:8293
recursivelyTraversePassiveMountEffects @ chunk-2IH32JYV.js?v=e1eeed35:8280
commitPassiveMountOnFiber @ chunk-2IH32JYV.js?v=e1eeed35:8293
recursivelyTraversePassiveMountEffects @ chunk-2IH32JYV.js?v=e1eeed35:8280
commitPassiveMountOnFiber @ chunk-2IH32JYV.js?v=e1eeed35:8293
recursivelyTraversePassiveMountEffects @ chunk-2IH32JYV.js?v=e1eeed35:8280
commitPassiveMountOnFiber @ chunk-2IH32JYV.js?v=e1eeed35:8382
recursivelyTraversePassiveMountEffects @ chunk-2IH32JYV.js?v=e1eeed35:8280
commitPassiveMountOnFiber @ chunk-2IH32JYV.js?v=e1eeed35:8293
recursivelyTraversePassiveMountEffects @ chunk-2IH32JYV.js?v=e1eeed35:8280
commitPassiveMountOnFiber @ chunk-2IH32JYV.js?v=e1eeed35:8382
recursivelyTraversePassiveMountEffects @ chunk-2IH32JYV.js?v=e1eeed35:8280
commitPassiveMountOnFiber @ chunk-2IH32JYV.js?v=e1eeed35:8293
recursivelyTraversePassiveMountEffects @ chunk-2IH32JYV.js?v=e1eeed35:8280
commitPassiveMountOnFiber @ chunk-2IH32JYV.js?v=e1eeed35:8303
flushPassiveEffects @ chunk-2IH32JYV.js?v=e1eeed35:9679
commitRootImpl @ chunk-2IH32JYV.js?v=e1eeed35:9630
commitRoot @ chunk-2IH32JYV.js?v=e1eeed35:9549
commitRootWhenReady @ chunk-2IH32JYV.js?v=e1eeed35:9033
performWorkOnRoot @ chunk-2IH32JYV.js?v=e1eeed35:8977
performSyncWorkOnRoot @ chunk-2IH32JYV.js?v=e1eeed35:2045
flushSyncWorkAcrossRoots_impl @ chunk-2IH32JYV.js?v=e1eeed35:1953
flushPassiveEffects @ chunk-2IH32JYV.js?v=e1eeed35:9688
(anonymous) @ chunk-2IH32JYV.js?v=e1eeed35:9602
performWorkUntilDeadline @ chunk-2IH32JYV.js?v=e1eeed35:235
chunk-PKJ3VDJ3.js?v=e1eeed35:181 Download the Apollo DevTools for a better development experience: https://chrome.google.com/webstore/detail/apollo-client-developer-t/jdkknkkbebbapilgoeccciglkfbmbnfm
